<?xml version="1.0" encoding="UTF-8"?>
<!-- Generated by org.testng.reporters.JUnitReportReporter -->
<testsuite hostname="LAPTOP-0RQJTSRR" failures="0" tests="7" name="runners.TestRunnerTestng" time="13.453" errors="0" timestamp="2022-11-30T00:22:31 IST" skipped="0">
  <testcase classname="runners.TestRunnerTestng" name="runScenario" time="1.022"/>
  <system-out/>
  <testcase classname="runners.TestRunnerTestng" name="runScenario" time="1.028"/>
  <system-out/>
  <testcase classname="runners.TestRunnerTestng" name="runScenario" time="4.359"/>
  <system-out/>
  <testcase classname="runners.TestRunnerTestng" name="runScenario" time="1.219"/>
  <system-out/>
  <testcase classname="runners.TestRunnerTestng" name="runScenario" time="1.530"/>
  <system-out/>
  <testcase classname="runners.TestRunnerTestng" name="runScenario" time="1.411"/>
  <system-out/>
  <testcase classname="runners.TestRunnerTestng" name="runScenario" time="2.884"/>
  <system-out/>
</testsuite> <!-- runners.TestRunnerTestng -->
